[0.030s] Invoking command in '/home/apim/my_pubsub_ws/build/my_pubsub': CMAKE_PREFIX_PATH=/opt/ros/humble /usr/bin/cmake --build /home/apim/my_pubsub_ws/build/my_pubsub -- -j12 -l12
[0.053s] [35m[1mConsolidate compiler generated dependencies of target control[0m
[0.063s] [ 50%] [32mBuilding CXX object CMakeFiles/control.dir/src/text_to_cmd_vel.cpp.o[0m
[1.359s] [01m[K/home/apim/my_pubsub_ws/src/my_pubsub/src/text_to_cmd_vel.cpp:[m[K In constructor â€˜[01m[KMyNode::MyNode()[m[Kâ€™:
[1.359s] [01m[K/home/apim/my_pubsub_ws/src/my_pubsub/src/text_to_cmd_vel.cpp:21:36:[m[K [01;31m[Kerror: [m[Kâ€˜[01m[KMinimalSubscriber[m[Kâ€™ has not been declared
[1.359s]    21 |                         std::bind(&[01;31m[KMinimalSubscriber[m[K::topic_callback, this, _1));
[1.359s]       |                                    [01;31m[K^~~~~~~~~~~~~~~~~[m[K
[1.359s] [01m[K/home/apim/my_pubsub_ws/src/my_pubsub/src/text_to_cmd_vel.cpp:[m[K In member function â€˜[01m[Kvoid MyNode::topic_callback(const String&)[m[Kâ€™:
[1.359s] [01m[K/home/apim/my_pubsub_ws/src/my_pubsub/src/text_to_cmd_vel.cpp:27:38:[m[K [01;35m[Kwarning: [m[Kcomparison with string literal results in unspecified behavior [[01;35m[K]8;;https://gcc.gnu.org/onlinedocs/gcc/Warning-Options.html#index-Waddress-Waddress]8;;[m[K]
[1.359s]    27 |                 if ([01;35m[Kmsg.data.c_str() == "turn_right"[m[K)
[1.359s]       |                     [01;35m[K~~~~~~~~~~~~~~~~~^~~~~~~~~~~~~~~[m[K
[1.359s] [01m[K/home/apim/my_pubsub_ws/src/my_pubsub/src/text_to_cmd_vel.cpp:31:43:[m[K [01;35m[Kwarning: [m[Kcomparison with string literal results in unspecified behavior [[01;35m[K]8;;https://gcc.gnu.org/onlinedocs/gcc/Warning-Options.html#index-Waddress-Waddress]8;;[m[K]
[1.359s]    31 |                 else if ([01;35m[Kmsg.data.c_str() == "turn_left"[m[K)
[1.359s]       |                          [01;35m[K~~~~~~~~~~~~~~~~~^~~~~~~~~~~~~~[m[K
[1.359s] [01m[K/home/apim/my_pubsub_ws/src/my_pubsub/src/text_to_cmd_vel.cpp:35:43:[m[K [01;35m[Kwarning: [m[Kcomparison with string literal results in unspecified behavior [[01;35m[K]8;;https://gcc.gnu.org/onlinedocs/gcc/Warning-Options.html#index-Waddress-Waddress]8;;[m[K]
[1.359s]    35 |                 else if ([01;35m[Kmsg.data.c_str() == "move_forward"[m[K)
[1.359s]       |                          [01;35m[K~~~~~~~~~~~~~~~~~^~~~~~~~~~~~~~~~~[m[K
[1.359s] [01m[K/home/apim/my_pubsub_ws/src/my_pubsub/src/text_to_cmd_vel.cpp:39:43:[m[K [01;35m[Kwarning: [m[Kcomparison with string literal results in unspecified behavior [[01;35m[K]8;;https://gcc.gnu.org/onlinedocs/gcc/Warning-Options.html#index-Waddress-Waddress]8;;[m[K]
[1.359s]    39 |                 else if ([01;35m[Kmsg.data.c_str() == "move_backward"[m[K)
[1.360s]       |                          [01;35m[K~~~~~~~~~~~~~~~~~^~~~~~~~~~~~~~~~~~[m[K
[1.798s] gmake[2]: *** [CMakeFiles/control.dir/build.make:76: CMakeFiles/control.dir/src/text_to_cmd_vel.cpp.o] Error 1
[1.798s] gmake[1]: *** [CMakeFiles/Makefile2:137: CMakeFiles/control.dir/all] Error 2
[1.798s] gmake: *** [Makefile:146: all] Error 2
[1.799s] Invoked command in '/home/apim/my_pubsub_ws/build/my_pubsub' returned '2': CMAKE_PREFIX_PATH=/opt/ros/humble /usr/bin/cmake --build /home/apim/my_pubsub_ws/build/my_pubsub -- -j12 -l12
