[0.029s] Invoking command in '/home/apim/my_pubsub_ws/build/my_pubsub': CMAKE_PREFIX_PATH=/opt/ros/humble /usr/bin/cmake --build /home/apim/my_pubsub_ws/build/my_pubsub -- -j12 -l12
[0.053s] [35m[1mConsolidate compiler generated dependencies of target control[0m
[0.062s] [ 50%] [32mBuilding CXX object CMakeFiles/control.dir/src/text_to_cmd_vel.cpp.o[0m
[1.375s] [01m[K/home/apim/my_pubsub_ws/src/my_pubsub/src/text_to_cmd_vel.cpp:[m[K In constructor â€˜[01m[KMyNode::MyNode()[m[Kâ€™:
[1.375s] [01m[K/home/apim/my_pubsub_ws/src/my_pubsub/src/text_to_cmd_vel.cpp:21:36:[m[K [01;31m[Kerror: [m[Kâ€˜[01m[KMinimalSubscriber[m[Kâ€™ has not been declared
[1.375s]    21 |                         std::bind(&[01;31m[KMinimalSubscriber[m[K::topic_callback, this, _1));
[1.375s]       |                                    [01;31m[K^~~~~~~~~~~~~~~~~[m[K
[1.376s] [01m[K/home/apim/my_pubsub_ws/src/my_pubsub/src/text_to_cmd_vel.cpp:[m[K In member function â€˜[01m[Kvoid MyNode::topic_callback(const String&)[m[Kâ€™:
[1.376s] [01m[K/home/apim/my_pubsub_ws/src/my_pubsub/src/text_to_cmd_vel.cpp:26:32:[m[K [01;31m[Kerror: [m[Kâ€˜[01m[KTwist[m[Kâ€™ is not a member of â€˜[01m[Kgeometry_msgs[m[Kâ€™; did you mean â€˜[01m[Kgeometry_msgs::msg::Twist[m[Kâ€™?
[1.376s]    26 |                 geometry_msgs::[01;31m[KTwist[m[K twist;
[1.376s]       |                                [01;31m[K^~~~~[m[K
[1.376s] In file included from [01m[K/opt/ros/humble/include/geometry_msgs/geometry_msgs/msg/twist.hpp:7[m[K,
[1.376s]                  from [01m[K/home/apim/my_pubsub_ws/src/my_pubsub/src/text_to_cmd_vel.cpp:6[m[K:
[1.376s] [01m[K/opt/ros/humble/include/geometry_msgs/geometry_msgs/msg/detail/twist__struct.hpp:134:7:[m[K [01;36m[Knote: [m[Kâ€˜[01m[Kgeometry_msgs::msg::Twist[m[Kâ€™ declared here
[1.376s]   134 | using [01;36m[KTwist[m[K =
[1.376s]       |       [01;36m[K^~~~~[m[K
[1.376s] [01m[K/home/apim/my_pubsub_ws/src/my_pubsub/src/text_to_cmd_vel.cpp:27:24:[m[K [01;31m[Kerror: [m[Kbase operand of â€˜[01m[K->[m[Kâ€™ has non-pointer type â€˜[01m[Kconst String[m[Kâ€™ {aka â€˜[01m[Kconst std_msgs::msg::String_<std::allocator<void> >[m[Kâ€™}
[1.376s]    27 |                 if (msg[01;31m[K->[m[Kdata.c_str() == "turn_right")
[1.376s]       |                        [01;31m[K^~[m[K
[1.379s] [01m[K/home/apim/my_pubsub_ws/src/my_pubsub/src/text_to_cmd_vel.cpp:29:25:[m[K [01;31m[Kerror: [m[Kâ€˜[01m[Ktwist[m[Kâ€™ was not declared in this scope
[1.379s]    29 |                         [01;31m[Ktwist[m[K.angular.z = -1.5;
[1.379s]       |                         [01;31m[K^~~~~[m[K
[1.379s] [01m[K/home/apim/my_pubsub_ws/src/my_pubsub/src/text_to_cmd_vel.cpp:31:29:[m[K [01;31m[Kerror: [m[Kbase operand of â€˜[01m[K->[m[Kâ€™ has non-pointer type â€˜[01m[Kconst String[m[Kâ€™ {aka â€˜[01m[Kconst std_msgs::msg::String_<std::allocator<void> >[m[Kâ€™}
[1.379s]    31 |                 else if (msg[01;31m[K->[m[Kdata.c_str() == "turn_left")
[1.379s]       |                             [01;31m[K^~[m[K
[1.382s] [01m[K/home/apim/my_pubsub_ws/src/my_pubsub/src/text_to_cmd_vel.cpp:33:25:[m[K [01;31m[Kerror: [m[Kâ€˜[01m[Ktwist[m[Kâ€™ was not declared in this scope
[1.382s]    33 |                         [01;31m[Ktwist[m[K.angular.z = 1.5;
[1.382s]       |                         [01;31m[K^~~~~[m[K
[1.382s] [01m[K/home/apim/my_pubsub_ws/src/my_pubsub/src/text_to_cmd_vel.cpp:35:29:[m[K [01;31m[Kerror: [m[Kbase operand of â€˜[01m[K->[m[Kâ€™ has non-pointer type â€˜[01m[Kconst String[m[Kâ€™ {aka â€˜[01m[Kconst std_msgs::msg::String_<std::allocator<void> >[m[Kâ€™}
[1.382s]    35 |                 else if (msg[01;31m[K->[m[Kdata.c_str() == "move_forward")
[1.382s]       |                             [01;31m[K^~[m[K
[1.384s] [01m[K/home/apim/my_pubsub_ws/src/my_pubsub/src/text_to_cmd_vel.cpp:37:25:[m[K [01;31m[Kerror: [m[Kâ€˜[01m[Ktwist[m[Kâ€™ was not declared in this scope
[1.384s]    37 |                         [01;31m[Ktwist[m[K.linear.x = 1.0;
[1.384s]       |                         [01;31m[K^~~~~[m[K
[1.384s] [01m[K/home/apim/my_pubsub_ws/src/my_pubsub/src/text_to_cmd_vel.cpp:39:29:[m[K [01;31m[Kerror: [m[Kbase operand of â€˜[01m[K->[m[Kâ€™ has non-pointer type â€˜[01m[Kconst String[m[Kâ€™ {aka â€˜[01m[Kconst std_msgs::msg::String_<std::allocator<void> >[m[Kâ€™}
[1.384s]    39 |                 else if (msg[01;31m[K->[m[Kdata.c_str() == "move_backward")
[1.384s]       |                             [01;31m[K^~[m[K
[1.386s] [01m[K/home/apim/my_pubsub_ws/src/my_pubsub/src/text_to_cmd_vel.cpp:41:25:[m[K [01;31m[Kerror: [m[Kâ€˜[01m[Ktwist[m[Kâ€™ was not declared in this scope
[1.386s]    41 |                         [01;31m[Ktwist[m[K.linear.x = -1.0;
[1.387s]       |                         [01;31m[K^~~~~[m[K
[1.389s] [01m[K/home/apim/my_pubsub_ws/src/my_pubsub/src/text_to_cmd_vel.cpp:44:37:[m[K [01;31m[Kerror: [m[Kâ€˜[01m[Ktwist[m[Kâ€™ was not declared in this scope
[1.389s]    44 |                 publisher_->publish([01;31m[Ktwist[m[K);
[1.389s]       |                                     [01;31m[K^~~~~[m[K
[1.786s] gmake[2]: *** [CMakeFiles/control.dir/build.make:76: CMakeFiles/control.dir/src/text_to_cmd_vel.cpp.o] Error 1
[1.786s] gmake[1]: *** [CMakeFiles/Makefile2:137: CMakeFiles/control.dir/all] Error 2
[1.786s] gmake: *** [Makefile:146: all] Error 2
[1.787s] Invoked command in '/home/apim/my_pubsub_ws/build/my_pubsub' returned '2': CMAKE_PREFIX_PATH=/opt/ros/humble /usr/bin/cmake --build /home/apim/my_pubsub_ws/build/my_pubsub -- -j12 -l12
