[0.029s] Invoking command in '/home/apim/my_pubsub_ws/build/my_pubsub': CMAKE_PREFIX_PATH=/opt/ros/humble /usr/bin/cmake /home/apim/my_pubsub_ws/src/my_pubsub -DCMAKE_INSTALL_PREFIX=/home/apim/my_pubsub_ws/install/my_pubsub
[0.036s] -- Found ament_cmake: 1.3.5 (/opt/ros/humble/share/ament_cmake/cmake)
[0.118s] -- Found rclcpp: 16.0.6 (/opt/ros/humble/share/rclcpp/cmake)
[0.144s] -- Found rosidl_generator_c: 3.1.5 (/opt/ros/humble/share/rosidl_generator_c/cmake)
[0.146s] -- Found rosidl_adapter: 3.1.5 (/opt/ros/humble/share/rosidl_adapter/cmake)
[0.151s] -- Found rosidl_generator_cpp: 3.1.5 (/opt/ros/humble/share/rosidl_generator_cpp/cmake)
[0.157s] -- Using all available rosidl_typesupport_c: rosidl_typesupport_fastrtps_c;rosidl_typesupport_introspection_c
[0.166s] -- Using all available rosidl_typesupport_cpp: rosidl_typesupport_fastrtps_cpp;rosidl_typesupport_introspection_cpp
[0.201s] -- Found rmw_implementation_cmake: 6.1.1 (/opt/ros/humble/share/rmw_implementation_cmake/cmake)
[0.202s] -- Found rmw_fastrtps_cpp: 6.2.4 (/opt/ros/humble/share/rmw_fastrtps_cpp/cmake)
[0.267s] -- Using RMW implementation 'rmw_fastrtps_cpp' as default
[0.398s] -- Configuring done
[0.403s] -- Generating done
[0.403s] -- Build files have been written to: /home/apim/my_pubsub_ws/build/my_pubsub
[0.407s] Invoked command in '/home/apim/my_pubsub_ws/build/my_pubsub' returned '0': CMAKE_PREFIX_PATH=/opt/ros/humble /usr/bin/cmake /home/apim/my_pubsub_ws/src/my_pubsub -DCMAKE_INSTALL_PREFIX=/home/apim/my_pubsub_ws/install/my_pubsub
[0.408s] Invoking command in '/home/apim/my_pubsub_ws/build/my_pubsub': CMAKE_PREFIX_PATH=/opt/ros/humble /usr/bin/cmake --build /home/apim/my_pubsub_ws/build/my_pubsub -- -j12 -l12
[0.437s] [ 50%] [32mBuilding CXX object CMakeFiles/control.dir/src/text_to_cmd_vel.cpp.o[0m
[1.743s] [01m[K/home/apim/my_pubsub_ws/src/my_pubsub/src/text_to_cmd_vel.cpp:47:2:[m[K [01;31m[Kerror: [m[Kexpected â€˜[01m[K;[m[Kâ€™ after class definition
[1.743s]    47 | }
[1.743s]       |  [01;31m[K^[m[K
[1.743s]       |  [32m[K;[m[K
[1.744s] [01m[K/home/apim/my_pubsub_ws/src/my_pubsub/src/text_to_cmd_vel.cpp:[m[K In constructor â€˜[01m[KMyNode::MyNode()[m[Kâ€™:
[1.744s] [01m[K/home/apim/my_pubsub_ws/src/my_pubsub/src/text_to_cmd_vel.cpp:16:53:[m[K [01;31m[Kerror: [m[Kâ€˜[01m[Kmsg[m[Kâ€™ was not declared in this scope
[1.744s]    16 |                 publisher_ = this->create_publisher<[01;31m[Kmsg[m[K::Twist>(
[1.744s]       |                                                     [01;31m[K^~~[m[K
[1.745s] [01m[K/home/apim/my_pubsub_ws/src/my_pubsub/src/text_to_cmd_vel.cpp:16:53:[m[K [01;36m[Knote: [m[Ksuggested alternatives:
[1.745s] In file included from [01m[K/opt/ros/humble/include/builtin_interfaces/builtin_interfaces/msg/duration.hpp:7[m[K,
[1.745s]                  from [01m[K/opt/ros/humble/include/rclcpp/rclcpp/duration.hpp:20[m[K,
[1.745s]                  from [01m[K/opt/ros/humble/include/rclcpp/rclcpp/qos.hpp:20[m[K,
[1.745s]                  from [01m[K/opt/ros/humble/include/rclcpp/rclcpp/node_interfaces/node_graph_interface.hpp:32[m[K,
[1.745s]                  from [01m[K/opt/ros/humble/include/rclcpp/rclcpp/client.hpp:42[m[K,
[1.745s]                  from [01m[K/opt/ros/humble/include/rclcpp/rclcpp/callback_group.hpp:24[m[K,
[1.745s]                  from [01m[K/opt/ros/humble/include/rclcpp/rclcpp/any_executable.hpp:20[m[K,
[1.745s]                  from [01m[K/opt/ros/humble/include/rclcpp/rclcpp/memory_strategy.hpp:25[m[K,
[1.745s]                  from [01m[K/opt/ros/humble/include/rclcpp/rclcpp/memory_strategies.hpp:18[m[K,
[1.745s]                  from [01m[K/opt/ros/humble/include/rclcpp/rclcpp/executor_options.hpp:20[m[K,
[1.745s]                  from [01m[K/opt/ros/humble/include/rclcpp/rclcpp/executor.hpp:37[m[K,
[1.745s]                  from [01m[K/opt/ros/humble/include/rclcpp/rclcpp/executors/multi_threaded_executor.hpp:25[m[K,
[1.745s]                  from [01m[K/opt/ros/humble/include/rclcpp/rclcpp/executors.hpp:21[m[K,
[1.745s]                  from [01m[K/opt/ros/humble/include/rclcpp/rclcpp/rclcpp.hpp:155[m[K,
[1.745s]                  from [01m[K/home/apim/my_pubsub_ws/src/my_pubsub/src/text_to_cmd_vel.cpp:5[m[K:
[1.745s] [01m[K/opt/ros/humble/include/builtin_interfaces/builtin_interfaces/msg/detail/duration__struct.hpp:27:11:[m[K [01;36m[Knote: [m[K  â€˜[01m[Kbuiltin_interfaces::msg[m[Kâ€™
[1.745s]    27 | namespace [01;36m[Kmsg[m[K
[1.746s]       |           [01;36m[K^~~[m[K
[1.746s] In file included from [01m[K/opt/ros/humble/include/rcl_interfaces/rcl_interfaces/msg/set_parameters_result.hpp:7[m[K,
[1.746s]                  from [01m[K/opt/ros/humble/include/rclcpp/rclcpp/qos_overriding_options.hpp:28[m[K,
[1.746s]                  from [01m[K/opt/ros/humble/include/rclcpp/rclcpp/subscription_options.hpp:30[m[K,
[1.746s]                  from [01m[K/opt/ros/humble/include/rclcpp/rclcpp/subscription.hpp:45[m[K,
[1.746s]                  from [01m[K/opt/ros/humble/include/rclcpp/rclcpp/any_executable.hpp:25[m[K,
[1.746s]                  from [01m[K/opt/ros/humble/include/rclcpp/rclcpp/memory_strategy.hpp:25[m[K,
[1.746s]                  from [01m[K/opt/ros/humble/include/rclcpp/rclcpp/memory_strategies.hpp:18[m[K,
[1.746s]                  from [01m[K/opt/ros/humble/include/rclcpp/rclcpp/executor_options.hpp:20[m[K,
[1.746s]                  from [01m[K/opt/ros/humble/include/rclcpp/rclcpp/executor.hpp:37[m[K,
[1.746s]                  from [01m[K/opt/ros/humble/include/rclcpp/rclcpp/executors/multi_threaded_executor.hpp:25[m[K,
[1.746s]                  from [01m[K/opt/ros/humble/include/rclcpp/rclcpp/executors.hpp:21[m[K,
[1.746s]                  from [01m[K/opt/ros/humble/include/rclcpp/rclcpp/rclcpp.hpp:155[m[K,
[1.746s]                  from [01m[K/home/apim/my_pubsub_ws/src/my_pubsub/src/text_to_cmd_vel.cpp:5[m[K:
[1.746s] [01m[K/opt/ros/humble/include/rcl_interfaces/rcl_interfaces/msg/detail/set_parameters_result__struct.hpp:27:11:[m[K [01;36m[Knote: [m[K  â€˜[01m[Krcl_interfaces::msg[m[Kâ€™
[1.746s]    27 | namespace [01;36m[Kmsg[m[K
[1.746s]       |           [01;36m[K^~~[m[K
[1.746s] In file included from [01m[K/opt/ros/humble/include/statistics_msgs/statistics_msgs/msg/detail/metrics_message__struct.hpp:23[m[K,
[1.746s]                  from [01m[K/opt/ros/humble/include/statistics_msgs/statistics_msgs/msg/metrics_message.hpp:7[m[K,
[1.746s]                  from [01m[K/opt/ros/humble/include/libstatistics_collector/libstatistics_collector/collector/generate_statistics_message.hpp:21[m[K,
[1.746s]                  from [01m[K/opt/ros/humble/include/rclcpp/rclcpp/topic_statistics/subscription_topic_statistics.hpp:23[m[K,
[1.746s]                  from [01m[K/opt/ros/humble/include/rclcpp/rclcpp/subscription.hpp:50[m[K,
[1.747s]                  from [01m[K/opt/ros/humble/include/rclcpp/rclcpp/any_executable.hpp:25[m[K,
[1.747s]                  from [01m[K/opt/ros/humble/include/rclcpp/rclcpp/memory_strategy.hpp:25[m[K,
[1.747s]                  from [01m[K/opt/ros/humble/include/rclcpp/rclcpp/memory_strategies.hpp:18[m[K,
[1.747s]                  from [01m[K/opt/ros/humble/include/rclcpp/rclcpp/executor_options.hpp:20[m[K,
[1.747s]                  from [01m[K/opt/ros/humble/include/rclcpp/rclcpp/executor.hpp:37[m[K,
[1.747s]                  from [01m[K/opt/ros/humble/include/rclcpp/rclcpp/executors/multi_threaded_executor.hpp:25[m[K,
[1.747s]                  from [01m[K/opt/ros/humble/include/rclcpp/rclcpp/executors.hpp:21[m[K,
[1.747s]                  from [01m[K/opt/ros/humble/include/rclcpp/rclcpp/rclcpp.hpp:155[m[K,
[1.747s]                  from [01m[K/home/apim/my_pubsub_ws/src/my_pubsub/src/text_to_cmd_vel.cpp:5[m[K:
[1.747s] [01m[K/opt/ros/humble/include/statistics_msgs/statistics_msgs/msg/detail/statistic_data_point__struct.hpp:27:11:[m[K [01;36m[Knote: [m[K  â€˜[01m[Kstatistics_msgs::msg[m[Kâ€™
[1.747s]    27 | namespace [01;36m[Kmsg[m[K
[1.747s]       |           [01;36m[K^~~[m[K
[1.747s] In file included from [01m[K/opt/ros/humble/include/std_msgs/std_msgs/msg/string.hpp:7[m[K,
[1.747s]                  from [01m[K/home/apim/my_pubsub_ws/src/my_pubsub/src/text_to_cmd_vel.cpp:6[m[K:
[1.747s] [01m[K/opt/ros/humble/include/std_msgs/std_msgs/msg/detail/string__struct.hpp:27:11:[m[K [01;36m[Knote: [m[K  â€˜[01m[Kstd_msgs::msg[m[Kâ€™
[1.747s]    27 | namespace [01;36m[Kmsg[m[K
[1.747s]       |           [01;36m[K^~~[m[K
[1.747s] [01m[K/home/apim/my_pubsub_ws/src/my_pubsub/src/text_to_cmd_vel.cpp:16:36:[m[K [01;31m[Kerror: [m[Kparse error in template argument list
[1.747s]    16 |                 publisher_ = this->[01;31m[Kcreate_publisher<msg::Twist>[m[K(
[1.747s]       |                                    [01;31m[K^~~~~~~~~~~~~~~~~~~~~~~~~~~~[m[K
[1.747s] [01m[K/home/apim/my_pubsub_ws/src/my_pubsub/src/text_to_cmd_vel.cpp:16:64:[m[K [01;31m[Kerror: [m[Kno matching function for call to â€˜[01m[KMyNode::create_publisher<<expression error> >(const char [17], int)[m[Kâ€™
[1.747s]    16 |                 publisher_ = [01;31m[Kthis->create_publisher<msg::Twist>([m[K
[1.747s]       |                              [01;31m[K~~~~~~~~~~~~~~~~~~~~~~~~~~~~~~~~~~^[m[K
[1.747s]    17 | [01;31m[K                        "/turtle1/cmd_vel", 10)[m[K
[1.748s]       |                         [01;31m[K~~~~~~~~~~~~~~~~~~~~~~~[m[K                 
[1.748s] In file included from [01m[K/opt/ros/humble/include/rclcpp/rclcpp/executors/single_threaded_executor.hpp:28[m[K,
[1.748s]                  from [01m[K/opt/ros/humble/include/rclcpp/rclcpp/executors.hpp:22[m[K,
[1.748s]                  from [01m[K/opt/ros/humble/include/rclcpp/rclcpp/rclcpp.hpp:155[m[K,
[1.748s]                  from [01m[K/home/apim/my_pubsub_ws/src/my_pubsub/src/text_to_cmd_vel.cpp:5[m[K:
[1.748s] [01m[K/opt/ros/humble/include/rclcpp/rclcpp/node.hpp:195:3:[m[K [01;36m[Knote: [m[Kcandidate: â€˜[01m[Ktemplate<class MessageT, class AllocatorT, class PublisherT> std::shared_ptr<PublisherT> rclcpp::Node::create_publisher(const string&, const rclcpp::QoS&, const rclcpp::PublisherOptionsWithAllocator<AllocatorT>&)[m[Kâ€™
[1.748s]   195 |   [01;36m[Kcreate_publisher[m[K(
[1.748s]       |   [01;36m[K^~~~~~~~~~~~~~~~[m[K
[1.748s] [01m[K/opt/ros/humble/include/rclcpp/rclcpp/node.hpp:195:3:[m[K [01;36m[Knote: [m[K  template argument deduction/substitution failed:
[1.748s] [01m[K/home/apim/my_pubsub_ws/src/my_pubsub/src/text_to_cmd_vel.cpp:16:64:[m[K [01;31m[Kerror: [m[Ktemplate argument 1 is invalid
[1.748s]    16 |                 publisher_ = [01;31m[Kthis->create_publisher<msg::Twist>([m[K
[1.748s]       |                              [01;31m[K~~~~~~~~~~~~~~~~~~~~~~~~~~~~~~~~~~^[m[K
[1.748s]    17 | [01;31m[K                        "/turtle1/cmd_vel", 10)[m[K
[1.748s]       |                         [01;31m[K~~~~~~~~~~~~~~~~~~~~~~~[m[K                 
[1.748s] [01m[K/home/apim/my_pubsub_ws/src/my_pubsub/src/text_to_cmd_vel.cpp:[m[K In member function â€˜[01m[Kvoid MyNode::topic_callback(const String&)[m[Kâ€™:
[1.748s] [01m[K/home/apim/my_pubsub_ws/src/my_pubsub/src/text_to_cmd_vel.cpp:25:17:[m[K [01;31m[Kerror: [m[Kâ€˜[01m[Kgeometry_msgs[m[Kâ€™ has not been declared
[1.748s]    25 |                 [01;31m[Kgeometry_msgs[m[K::Twist twist;
[1.748s]       |                 [01;31m[K^~~~~~~~~~~~~[m[K
[1.748s] [01m[K/home/apim/my_pubsub_ws/src/my_pubsub/src/text_to_cmd_vel.cpp:26:24:[m[K [01;31m[Kerror: [m[Kbase operand of â€˜[01m[K->[m[Kâ€™ has non-pointer type â€˜[01m[Kconst String[m[Kâ€™ {aka â€˜[01m[Kconst std_msgs::msg::String_<std::allocator<void> >[m[Kâ€™}
[1.748s]    26 |                 if (msg[01;31m[K->[m[Kdata.c_str() == "turn_right")
[1.748s]       |                        [01;31m[K^~[m[K
[1.748s] [01m[K/home/apim/my_pubsub_ws/src/my_pubsub/src/text_to_cmd_vel.cpp:28:25:[m[K [01;31m[Kerror: [m[Kâ€˜[01m[Ktwist[m[Kâ€™ was not declared in this scope
[1.749s]    28 |                         [01;31m[Ktwist[m[K.angular.z = -1.5;
[1.749s]       |                         [01;31m[K^~~~~[m[K
[1.749s] [01m[K/home/apim/my_pubsub_ws/src/my_pubsub/src/text_to_cmd_vel.cpp:30:29:[m[K [01;31m[Kerror: [m[Kbase operand of â€˜[01m[K->[m[Kâ€™ has non-pointer type â€˜[01m[Kconst String[m[Kâ€™ {aka â€˜[01m[Kconst std_msgs::msg::String_<std::allocator<void> >[m[Kâ€™}
[1.749s]    30 |                 else if (msg[01;31m[K->[m[Kdata.c_str() == "turn_left")
[1.749s]       |                             [01;31m[K^~[m[K
[1.751s] [01m[K/home/apim/my_pubsub_ws/src/my_pubsub/src/text_to_cmd_vel.cpp:32:25:[m[K [01;31m[Kerror: [m[Kâ€˜[01m[Ktwist[m[Kâ€™ was not declared in this scope
[1.751s]    32 |                         [01;31m[Ktwist[m[K.angular.z = 1.5;
[1.751s]       |                         [01;31m[K^~~~~[m[K
[1.751s] [01m[K/home/apim/my_pubsub_ws/src/my_pubsub/src/text_to_cmd_vel.cpp:34:29:[m[K [01;31m[Kerror: [m[Kbase operand of â€˜[01m[K->[m[Kâ€™ has non-pointer type â€˜[01m[Kconst String[m[Kâ€™ {aka â€˜[01m[Kconst std_msgs::msg::String_<std::allocator<void> >[m[Kâ€™}
[1.751s]    34 |                 else if (msg[01;31m[K->[m[Kdata.c_str() == "move_forward")
[1.751s]       |                             [01;31m[K^~[m[K
[1.753s] [01m[K/home/apim/my_pubsub_ws/src/my_pubsub/src/text_to_cmd_vel.cpp:36:25:[m[K [01;31m[Kerror: [m[Kâ€˜[01m[Ktwist[m[Kâ€™ was not declared in this scope
[1.753s]    36 |                         [01;31m[Ktwist[m[K.linear.x = 1.0;
[1.753s]       |                         [01;31m[K^~~~~[m[K
[1.753s] [01m[K/home/apim/my_pubsub_ws/src/my_pubsub/src/text_to_cmd_vel.cpp:38:29:[m[K [01;31m[Kerror: [m[Kbase operand of â€˜[01m[K->[m[Kâ€™ has non-pointer type â€˜[01m[Kconst String[m[Kâ€™ {aka â€˜[01m[Kconst std_msgs::msg::String_<std::allocator<void> >[m[Kâ€™}
[1.753s]    38 |                 else if (msg[01;31m[K->[m[Kdata.c_str() == "move_backward")
[1.753s]       |                             [01;31m[K^~[m[K
[1.756s] [01m[K/home/apim/my_pubsub_ws/src/my_pubsub/src/text_to_cmd_vel.cpp:40:25:[m[K [01;31m[Kerror: [m[Kâ€˜[01m[Ktwist[m[Kâ€™ was not declared in this scope
[1.756s]    40 |                         [01;31m[Ktwist[m[K.linear.x = -1.0;
[1.756s]       |                         [01;31m[K^~~~~[m[K
[1.758s] [01m[K/home/apim/my_pubsub_ws/src/my_pubsub/src/text_to_cmd_vel.cpp:43:37:[m[K [01;31m[Kerror: [m[Kâ€˜[01m[Ktwist[m[Kâ€™ was not declared in this scope
[1.758s]    43 |                 publisher_->publish([01;31m[Ktwist[m[K);
[1.758s]       |                                     [01;31m[K^~~~~[m[K
[2.015s] gmake[2]: *** [CMakeFiles/control.dir/build.make:76: CMakeFiles/control.dir/src/text_to_cmd_vel.cpp.o] Error 1
[2.015s] gmake[1]: *** [CMakeFiles/Makefile2:137: CMakeFiles/control.dir/all] Error 2
[2.015s] gmake: *** [Makefile:146: all] Error 2
[2.016s] Invoked command in '/home/apim/my_pubsub_ws/build/my_pubsub' returned '2': CMAKE_PREFIX_PATH=/opt/ros/humble /usr/bin/cmake --build /home/apim/my_pubsub_ws/build/my_pubsub -- -j12 -l12
