[0.030s] Invoking command in '/home/apim/my_pubsub_ws/build/my_pubsub': CMAKE_PREFIX_PATH=/opt/ros/humble /usr/bin/cmake --build /home/apim/my_pubsub_ws/build/my_pubsub -- -j12 -l12
[0.056s] [35m[1mConsolidate compiler generated dependencies of target control[0m
[0.064s] [ 50%] [32mBuilding CXX object CMakeFiles/control.dir/src/text_to_cmd_vel.cpp.o[0m
[1.374s] [01m[K/home/apim/my_pubsub_ws/src/my_pubsub/src/text_to_cmd_vel.cpp:[m[K In constructor â€˜[01m[KMyNode::MyNode()[m[Kâ€™:
[1.374s] [01m[K/home/apim/my_pubsub_ws/src/my_pubsub/src/text_to_cmd_vel.cpp:16:53:[m[K [01;31m[Kerror: [m[Kâ€˜[01m[Kgeometry_msgs[m[Kâ€™ was not declared in this scope
[1.374s]    16 |                 publisher_ = this->create_publisher<[01;31m[Kgeometry_msgs[m[K::msg::Twist>(
[1.374s]       |                                                     [01;31m[K^~~~~~~~~~~~~[m[K
[1.374s] [01m[K/home/apim/my_pubsub_ws/src/my_pubsub/src/text_to_cmd_vel.cpp:16:36:[m[K [01;31m[Kerror: [m[Kparse error in template argument list
[1.374s]    16 |                 publisher_ = this->[01;31m[Kcreate_publisher<geometry_msgs::msg::Twist>[m[K(
[1.374s]       |                                    [01;31m[K^~~~~~~~~~~~~~~~~~~~~~~~~~~~~~~~~~~~~~~~~~~[m[K
[1.374s] [01m[K/home/apim/my_pubsub_ws/src/my_pubsub/src/text_to_cmd_vel.cpp:16:79:[m[K [01;31m[Kerror: [m[Kno matching function for call to â€˜[01m[KMyNode::create_publisher<<expression error> >(const char [17], int)[m[Kâ€™
[1.374s]    16 |         publisher_ = [01;31m[Kthis->create_publisher<geometry_msgs::msg::Twist>([m[K
[1.374s]       |                      [01;31m[K~~~~~~~~~~~~~~~~~~~~~~~~~~~~~~~~~~~~~~~~~~~~~~~~~^[m[K
[1.374s] 
[1.374s]    17 | [01;31m[K                "/turtle1/cmd_vel", 10)[m[K
[1.374s]       |                 [01;31m[K~~~~~~~~~~~~~~~~~~~~~~~[m[K                                
[1.374s] 
[1.374s] In file included from [01m[K/opt/ros/humble/include/rclcpp/rclcpp/executors/single_threaded_executor.hpp:28[m[K,
[1.374s]                  from [01m[K/opt/ros/humble/include/rclcpp/rclcpp/executors.hpp:22[m[K,
[1.374s]                  from [01m[K/opt/ros/humble/include/rclcpp/rclcpp/rclcpp.hpp:155[m[K,
[1.374s]                  from [01m[K/home/apim/my_pubsub_ws/src/my_pubsub/src/text_to_cmd_vel.cpp:5[m[K:
[1.375s] [01m[K/opt/ros/humble/include/rclcpp/rclcpp/node.hpp:195:3:[m[K [01;36m[Knote: [m[Kcandidate: â€˜[01m[Ktemplate<class MessageT, class AllocatorT, class PublisherT> std::shared_ptr<PublisherT> rclcpp::Node::create_publisher(const string&, const rclcpp::QoS&, const rclcpp::PublisherOptionsWithAllocator<AllocatorT>&)[m[Kâ€™
[1.375s]   195 |   [01;36m[Kcreate_publisher[m[K(
[1.375s]       |   [01;36m[K^~~~~~~~~~~~~~~~[m[K
[1.375s] [01m[K/opt/ros/humble/include/rclcpp/rclcpp/node.hpp:195:3:[m[K [01;36m[Knote: [m[K  template argument deduction/substitution failed:
[1.375s] [01m[K/home/apim/my_pubsub_ws/src/my_pubsub/src/text_to_cmd_vel.cpp:16:79:[m[K [01;31m[Kerror: [m[Ktemplate argument 1 is invalid
[1.375s]    16 |         publisher_ = [01;31m[Kthis->create_publisher<geometry_msgs::msg::Twist>([m[K
[1.375s]       |                      [01;31m[K~~~~~~~~~~~~~~~~~~~~~~~~~~~~~~~~~~~~~~~~~~~~~~~~~^[m[K
[1.375s] 
[1.375s]    17 | [01;31m[K                "/turtle1/cmd_vel", 10)[m[K
[1.375s]       |                 [01;31m[K~~~~~~~~~~~~~~~~~~~~~~~[m[K                                
[1.375s] 
[1.375s] [01m[K/home/apim/my_pubsub_ws/src/my_pubsub/src/text_to_cmd_vel.cpp:[m[K In member function â€˜[01m[Kvoid MyNode::topic_callback(const String&)[m[Kâ€™:
[1.375s] [01m[K/home/apim/my_pubsub_ws/src/my_pubsub/src/text_to_cmd_vel.cpp:25:17:[m[K [01;31m[Kerror: [m[Kâ€˜[01m[Kgeometry_msgs[m[Kâ€™ has not been declared
[1.375s]    25 |                 [01;31m[Kgeometry_msgs[m[K::Twist twist;
[1.375s]       |                 [01;31m[K^~~~~~~~~~~~~[m[K
[1.375s] [01m[K/home/apim/my_pubsub_ws/src/my_pubsub/src/text_to_cmd_vel.cpp:26:24:[m[K [01;31m[Kerror: [m[Kbase operand of â€˜[01m[K->[m[Kâ€™ has non-pointer type â€˜[01m[Kconst String[m[Kâ€™ {aka â€˜[01m[Kconst std_msgs::msg::String_<std::allocator<void> >[m[Kâ€™}
[1.375s]    26 |                 if (msg[01;31m[K->[m[Kdata.c_str() == "turn_right")
[1.375s]       |                        [01;31m[K^~[m[K
[1.376s] [01m[K/home/apim/my_pubsub_ws/src/my_pubsub/src/text_to_cmd_vel.cpp:28:25:[m[K [01;31m[Kerror: [m[Kâ€˜[01m[Ktwist[m[Kâ€™ was not declared in this scope
[1.376s]    28 |                         [01;31m[Ktwist[m[K.angular.z = -1.5;
[1.377s]       |                         [01;31m[K^~~~~[m[K
[1.377s] [01m[K/home/apim/my_pubsub_ws/src/my_pubsub/src/text_to_cmd_vel.cpp:30:29:[m[K [01;31m[Kerror: [m[Kbase operand of â€˜[01m[K->[m[Kâ€™ has non-pointer type â€˜[01m[Kconst String[m[Kâ€™ {aka â€˜[01m[Kconst std_msgs::msg::String_<std::allocator<void> >[m[Kâ€™}
[1.377s]    30 |                 else if (msg[01;31m[K->[m[Kdata.c_str() == "turn_left")
[1.377s]       |                             [01;31m[K^~[m[K
[1.379s] [01m[K/home/apim/my_pubsub_ws/src/my_pubsub/src/text_to_cmd_vel.cpp:32:25:[m[K [01;31m[Kerror: [m[Kâ€˜[01m[Ktwist[m[Kâ€™ was not declared in this scope
[1.379s]    32 |                         [01;31m[Ktwist[m[K.angular.z = 1.5;
[1.379s]       |                         [01;31m[K^~~~~[m[K
[1.379s] [01m[K/home/apim/my_pubsub_ws/src/my_pubsub/src/text_to_cmd_vel.cpp:34:29:[m[K [01;31m[Kerror: [m[Kbase operand of â€˜[01m[K->[m[Kâ€™ has non-pointer type â€˜[01m[Kconst String[m[Kâ€™ {aka â€˜[01m[Kconst std_msgs::msg::String_<std::allocator<void> >[m[Kâ€™}
[1.379s]    34 |                 else if (msg[01;31m[K->[m[Kdata.c_str() == "move_forward")
[1.379s]       |                             [01;31m[K^~[m[K
[1.381s] [01m[K/home/apim/my_pubsub_ws/src/my_pubsub/src/text_to_cmd_vel.cpp:36:25:[m[K [01;31m[Kerror: [m[Kâ€˜[01m[Ktwist[m[Kâ€™ was not declared in this scope
[1.381s]    36 |                         [01;31m[Ktwist[m[K.linear.x = 1.0;
[1.382s]       |                         [01;31m[K^~~~~[m[K
[1.382s] [01m[K/home/apim/my_pubsub_ws/src/my_pubsub/src/text_to_cmd_vel.cpp:38:29:[m[K [01;31m[Kerror: [m[Kbase operand of â€˜[01m[K->[m[Kâ€™ has non-pointer type â€˜[01m[Kconst String[m[Kâ€™ {aka â€˜[01m[Kconst std_msgs::msg::String_<std::allocator<void> >[m[Kâ€™}
[1.382s]    38 |                 else if (msg[01;31m[K->[m[Kdata.c_str() == "move_backward")
[1.382s]       |                             [01;31m[K^~[m[K
[1.384s] [01m[K/home/apim/my_pubsub_ws/src/my_pubsub/src/text_to_cmd_vel.cpp:40:25:[m[K [01;31m[Kerror: [m[Kâ€˜[01m[Ktwist[m[Kâ€™ was not declared in this scope
[1.384s]    40 |                         [01;31m[Ktwist[m[K.linear.x = -1.0;
[1.384s]       |                         [01;31m[K^~~~~[m[K
[1.386s] [01m[K/home/apim/my_pubsub_ws/src/my_pubsub/src/text_to_cmd_vel.cpp:43:37:[m[K [01;31m[Kerror: [m[Kâ€˜[01m[Ktwist[m[Kâ€™ was not declared in this scope
[1.386s]    43 |                 publisher_->publish([01;31m[Ktwist[m[K);
[1.386s]       |                                     [01;31m[K^~~~~[m[K
[1.639s] gmake[2]: *** [CMakeFiles/control.dir/build.make:76: CMakeFiles/control.dir/src/text_to_cmd_vel.cpp.o] Error 1
[1.639s] gmake[1]: *** [CMakeFiles/Makefile2:137: CMakeFiles/control.dir/all] Error 2
[1.640s] gmake: *** [Makefile:146: all] Error 2
[1.641s] Invoked command in '/home/apim/my_pubsub_ws/build/my_pubsub' returned '2': CMAKE_PREFIX_PATH=/opt/ros/humble /usr/bin/cmake --build /home/apim/my_pubsub_ws/build/my_pubsub -- -j12 -l12
